<?xml version="1.0" encoding="UTF-8"?>
<testsuite name="HammingTest" tests="9" skipped="0" failures="0" errors="0" timestamp="2020-05-28T16:31:26" hostname="88e9fe6f620d.ant.amazon.com" time="0.447">
  <properties/>
  <testcase name="testCompleteDistanceInSingleLetterDifferentStrands" classname="HammingTest" time="0.132"/>
  <testcase name="testNoDistanceBetweenEmptyStrands" classname="HammingTest" time="0.001"/>
  <testcase name="testNoDistanceBetweenShortIdenticalStrands" classname="HammingTest" time="0.0"/>
  <testcase name="testDisallowLeftEmptyStrand" classname="HammingTest" time="0.311"/>
  <testcase name="testDistanceInLongIdenticalStrands" classname="HammingTest" time="0.0"/>
  <testcase name="testDisallowRightEmptyStrand" classname="HammingTest" time="0.001"/>
  <testcase name="testDistanceInLongDifferentStrands" classname="HammingTest" time="0.0"/>
  <testcase name="testValidatesFirstStrandNotLonger" classname="HammingTest" time="0.001"/>
  <testcase name="testValidatesSecondStrandNotLonger" classname="HammingTest" time="0.0"/>
  <system-out><![CDATA[]]></system-out>
  <system-err><![CDATA[]]></system-err>
</testsuite>
